mode: set
github.com/tmc/misc/macgo/auto/sandbox/sandbox.go:18.13,23.2 2 0
github.com/tmc/misc/macgo/auto/auto.go:14.13,18.2 1 0
github.com/tmc/misc/macgo/auto/sandbox/signalhandler/signalhandler.go:25.13,28.2 1 0
github.com/tmc/misc/macgo/auto/sandbox/signalhandler/signalhandler.go:32.64,38.61 3 0
github.com/tmc/misc/macgo/auto/sandbox/signalhandler/signalhandler.go:38.61,40.17 2 0
github.com/tmc/misc/macgo/auto/sandbox/signalhandler/signalhandler.go:40.17,43.4 2 0
github.com/tmc/misc/macgo/auto/sandbox/signalhandler/signalhandler.go:44.3,45.24 2 0
github.com/tmc/misc/macgo/auto/sandbox/signalhandler/signalhandler.go:50.2,59.22 2 0
github.com/tmc/misc/macgo/auto/sandbox/signalhandler/signalhandler.go:59.22,62.3 2 0
github.com/tmc/misc/macgo/auto/sandbox/signalhandler/signalhandler.go:65.2,66.16 2 0
github.com/tmc/misc/macgo/auto/sandbox/signalhandler/signalhandler.go:66.16,69.3 2 0
github.com/tmc/misc/macgo/auto/sandbox/signalhandler/signalhandler.go:71.2,81.16 3 0
github.com/tmc/misc/macgo/auto/sandbox/signalhandler/signalhandler.go:81.16,84.3 2 0
github.com/tmc/misc/macgo/auto/sandbox/signalhandler/signalhandler.go:87.2,89.12 3 0
github.com/tmc/misc/macgo/auto/sandbox/signalhandler/signalhandler.go:89.12,90.22 1 0
github.com/tmc/misc/macgo/auto/sandbox/signalhandler/signalhandler.go:90.22,96.33 3 0
github.com/tmc/misc/macgo/auto/sandbox/signalhandler/signalhandler.go:96.33,97.13 1 0
github.com/tmc/misc/macgo/auto/sandbox/signalhandler/signalhandler.go:101.4,101.69 1 0
github.com/tmc/misc/macgo/auto/sandbox/signalhandler/signalhandler.go:101.69,103.5 1 0
github.com/tmc/misc/macgo/auto/sandbox/signalhandler/signalhandler.go:106.4,106.91 1 0
github.com/tmc/misc/macgo/auto/sandbox/signalhandler/signalhandler.go:106.91,109.5 1 0
github.com/tmc/misc/macgo/auto/sandbox/signalhandler/signalhandler.go:114.2,129.16 7 0
github.com/tmc/misc/macgo/auto/sandbox/signalhandler/signalhandler.go:129.16,132.57 1 0
github.com/tmc/misc/macgo/auto/sandbox/signalhandler/signalhandler.go:132.57,134.4 1 0
github.com/tmc/misc/macgo/auto/sandbox/signalhandler/signalhandler.go:135.3,135.47 1 0
github.com/tmc/misc/macgo/auto/sandbox/signalhandler/signalhandler.go:135.47,137.4 1 0
github.com/tmc/misc/macgo/auto/sandbox/signalhandler/signalhandler.go:138.3,138.13 1 0
github.com/tmc/misc/macgo/auto/sandbox/signalhandler/signalhandler.go:141.2,141.12 1 0
github.com/tmc/misc/macgo/auto/sandbox/signalhandler/signalhandler.go:145.48,147.16 2 0
github.com/tmc/misc/macgo/auto/sandbox/signalhandler/signalhandler.go:147.16,149.3 1 0
github.com/tmc/misc/macgo/auto/sandbox/signalhandler/signalhandler.go:151.2,156.24 5 0
github.com/tmc/misc/macgo/auto/sandbox/signalhandler/signalhandler.go:160.55,162.15 2 0
github.com/tmc/misc/macgo/auto/sandbox/signalhandler/signalhandler.go:162.15,164.3 1 0
github.com/tmc/misc/macgo/auto/sandbox/signalhandler/signalhandler.go:166.2,167.16 2 0
github.com/tmc/misc/macgo/auto/sandbox/signalhandler/signalhandler.go:167.16,170.3 2 0
github.com/tmc/misc/macgo/auto/sandbox/signalhandler/signalhandler.go:171.2,173.15 2 0
github.com/tmc/misc/macgo/auto/sandbox/signalhandler/signalhandler.go:173.15,175.3 1 0
github.com/tmc/misc/macgo/auto/sandbox/signalhandler/signalhandler.go:175.8,177.3 1 0
github.com/tmc/misc/macgo/auto/sandbox/readonly/readonly.go:18.13,26.2 2 0
github.com/tmc/misc/macgo/cmd/macgo-debug/main.go:30.13,35.15 2 0
github.com/tmc/misc/macgo/cmd/macgo-debug/main.go:35.15,38.3 2 0
github.com/tmc/misc/macgo/cmd/macgo-debug/main.go:41.2,41.16 1 0
github.com/tmc/misc/macgo/cmd/macgo-debug/main.go:41.16,43.3 1 0
github.com/tmc/misc/macgo/cmd/macgo-debug/main.go:46.2,46.18 1 0
github.com/tmc/misc/macgo/cmd/macgo-debug/main.go:46.18,47.59 1 0
github.com/tmc/misc/macgo/cmd/macgo-debug/main.go:47.59,50.4 2 0
github.com/tmc/misc/macgo/cmd/macgo-debug/main.go:54.2,54.34 1 0
github.com/tmc/misc/macgo/cmd/macgo-debug/main.go:54.34,56.3 1 0
github.com/tmc/misc/macgo/cmd/macgo-debug/main.go:60.17,80.2 19 0
github.com/tmc/misc/macgo/cmd/macgo-debug/main.go:83.51,86.16 2 0
github.com/tmc/misc/macgo/cmd/macgo-debug/main.go:86.16,88.3 1 0
github.com/tmc/misc/macgo/cmd/macgo-debug/main.go:91.2,95.16 3 0
github.com/tmc/misc/macgo/cmd/macgo-debug/main.go:95.16,97.3 1 0
github.com/tmc/misc/macgo/cmd/macgo-debug/main.go:99.2,99.25 1 0
github.com/tmc/misc/macgo/cmd/macgo-debug/main.go:103.50,108.14 2 0
github.com/tmc/misc/macgo/cmd/macgo-debug/main.go:109.13,110.29 1 0
github.com/tmc/misc/macgo/cmd/macgo-debug/main.go:111.14,112.30 1 0
github.com/tmc/misc/macgo/cmd/macgo-debug/main.go:113.14,114.30 1 0
github.com/tmc/misc/macgo/cmd/macgo-debug/main.go:115.13,116.29 1 0
github.com/tmc/misc/macgo/cmd/macgo-debug/main.go:117.14,118.30 1 0
github.com/tmc/misc/macgo/cmd/macgo-debug/main.go:119.14,120.30 1 0
github.com/tmc/misc/macgo/cmd/macgo-debug/main.go:121.14,122.30 1 0
github.com/tmc/misc/macgo/cmd/macgo-debug/main.go:123.10,125.49 1 0
github.com/tmc/misc/macgo/cmd/macgo-debug/main.go:125.49,127.4 1 0
github.com/tmc/misc/macgo/cmd/macgo-debug/main.go:128.3,128.53 1 0
github.com/tmc/misc/macgo/cmd/macgo-debug/main.go:133.30,137.47 2 0
github.com/tmc/misc/macgo/cmd/macgo-debug/main.go:137.47,140.3 2 0
github.com/tmc/misc/macgo/cmd/macgo-debug/main.go:143.2,150.6 5 0
github.com/tmc/misc/macgo/cmd/macgo-debug/main.go:150.6,151.10 1 0
github.com/tmc/misc/macgo/cmd/macgo-debug/main.go:152.19,154.30 1 0
github.com/tmc/misc/macgo/cmd/macgo-debug/main.go:154.30,157.5 2 0
github.com/tmc/misc/macgo/cmd/macgo-debug/main.go:160.4,160.20 1 0
github.com/tmc/misc/macgo/cmd/macgo-debug/main.go:160.20,162.5 1 0
github.com/tmc/misc/macgo/cmd/macgo-debug/main.go:164.23,166.10 2 0
github.com/tmc/misc/macgo/cmd/macgo-debug/main.go:172.37,174.16 2 0
github.com/tmc/misc/macgo/cmd/macgo-debug/main.go:174.16,176.3 1 0
github.com/tmc/misc/macgo/cmd/macgo-debug/main.go:179.2,180.19 2 0
github.com/tmc/misc/macgo/cmd/macgo-debug/main.go:184.32,188.16 3 0
github.com/tmc/misc/macgo/cmd/macgo-debug/main.go:188.16,191.3 2 0
github.com/tmc/misc/macgo/cmd/macgo-debug/main.go:193.2,193.48 1 0
github.com/tmc/misc/macgo/cmd/macgo-debug/main.go:197.33,199.26 1 0
github.com/tmc/misc/macgo/cmd/macgo-debug/main.go:199.26,204.79 3 0
github.com/tmc/misc/macgo/cmd/macgo-debug/main.go:204.79,210.4 5 0
github.com/tmc/misc/macgo/cmd/macgo-debug/main.go:213.3,218.17 5 0
github.com/tmc/misc/macgo/cmd/macgo-debug/main.go:218.17,222.12 3 0
github.com/tmc/misc/macgo/cmd/macgo-debug/main.go:224.3,224.8 1 0
github.com/tmc/misc/macgo/debug/debug.go:39.19,43.19 3 0
github.com/tmc/misc/macgo/debug/debug.go:43.19,45.3 1 0
github.com/tmc/misc/macgo/debug/debug.go:48.2,51.76 2 0
github.com/tmc/misc/macgo/debug/debug.go:51.76,53.3 1 0
github.com/tmc/misc/macgo/debug/debug.go:56.2,56.24 1 0
github.com/tmc/misc/macgo/debug/debug.go:56.24,61.20 3 0
github.com/tmc/misc/macgo/debug/debug.go:61.20,63.4 1 0
github.com/tmc/misc/macgo/debug/debug.go:66.3,68.17 3 0
github.com/tmc/misc/macgo/debug/debug.go:68.17,71.4 2 0
github.com/tmc/misc/macgo/debug/debug.go:71.9,75.4 2 0
github.com/tmc/misc/macgo/debug/debug.go:77.3,77.18 1 0
github.com/tmc/misc/macgo/debug/debug.go:81.2,82.18 2 0
github.com/tmc/misc/macgo/debug/debug.go:82.18,84.75 1 0
github.com/tmc/misc/macgo/debug/debug.go:84.75,86.4 1 0
github.com/tmc/misc/macgo/debug/debug.go:89.3,89.37 1 0
github.com/tmc/misc/macgo/debug/debug.go:92.2,92.22 1 0
github.com/tmc/misc/macgo/debug/debug.go:96.13,97.20 1 0
github.com/tmc/misc/macgo/debug/debug.go:97.20,99.3 1 0
github.com/tmc/misc/macgo/debug/debug.go:103.22,104.24 1 0
github.com/tmc/misc/macgo/debug/debug.go:104.24,106.3 1 0
github.com/tmc/misc/macgo/debug/debug.go:108.2,116.40 7 0
github.com/tmc/misc/macgo/debug/debug.go:116.40,118.3 1 0
github.com/tmc/misc/macgo/debug/debug.go:121.2,129.63 7 0
github.com/tmc/misc/macgo/debug/debug.go:133.72,134.47 1 0
github.com/tmc/misc/macgo/debug/debug.go:134.47,136.3 1 0
github.com/tmc/misc/macgo/debug/debug.go:139.2,143.29 3 0
github.com/tmc/misc/macgo/debug/debug.go:143.29,147.3 3 0
github.com/tmc/misc/macgo/debug/debug.go:150.2,151.29 2 0
github.com/tmc/misc/macgo/debug/debug.go:151.29,153.3 1 0
github.com/tmc/misc/macgo/debug/debug.go:157.51,158.47 1 0
github.com/tmc/misc/macgo/debug/debug.go:158.47,160.3 1 0
github.com/tmc/misc/macgo/debug/debug.go:162.2,162.37 1 0
github.com/tmc/misc/macgo/debug/debug.go:166.33,171.12 2 0
github.com/tmc/misc/macgo/debug/debug.go:171.12,173.27 1 0
github.com/tmc/misc/macgo/debug/debug.go:173.27,181.48 3 0
github.com/tmc/misc/macgo/debug/debug.go:181.48,183.5 1 0
github.com/tmc/misc/macgo/debug/debug.go:183.10,185.5 1 0
github.com/tmc/misc/macgo/debug/debug.go:188.4,188.80 1 0
github.com/tmc/misc/macgo/debug/debug.go:188.80,220.5 3 0
github.com/tmc/misc/macgo/debug/debug.go:223.4,223.48 1 0
github.com/tmc/misc/macgo/debug/debug.go:223.48,232.5 8 0
github.com/tmc/misc/macgo/debug/debug.go:232.10,235.5 2 0
github.com/tmc/misc/macgo/debug/debug.go:237.4,238.18 2 0
github.com/tmc/misc/macgo/debug/debug.go:238.18,239.49 1 0
github.com/tmc/misc/macgo/debug/debug.go:239.49,241.6 1 0
github.com/tmc/misc/macgo/debug/debug.go:241.11,243.6 1 0
github.com/tmc/misc/macgo/debug/debug.go:245.5,246.13 2 0
github.com/tmc/misc/macgo/debug/debug.go:249.4,249.9 1 0
github.com/tmc/misc/macgo/debug/debug.go:255.29,257.16 2 0
github.com/tmc/misc/macgo/debug/debug.go:257.16,259.3 1 0
github.com/tmc/misc/macgo/debug/debug.go:260.2,260.12 1 0
github.com/tmc/misc/macgo/debug/debug.go:264.29,270.2 4 0
github.com/tmc/misc/macgo/debug/debug.go:273.28,275.2 1 0
github.com/tmc/misc/macgo/debug/debug.go:278.28,280.2 1 0
github.com/tmc/misc/macgo/debug/debug.go:283.14,287.25 3 0
github.com/tmc/misc/macgo/debug/debug.go:287.25,290.3 2 0
github.com/tmc/misc/macgo/debug/debug.go:292.2,292.19 1 0
github.com/tmc/misc/macgo/examples/advanced/main.go:13.13,56.2 16 0
github.com/tmc/misc/macgo/examples/advanced/main.go:58.13,81.16 16 0
github.com/tmc/misc/macgo/examples/advanced/main.go:81.16,84.3 2 0
github.com/tmc/misc/macgo/examples/advanced/main.go:86.2,87.29 2 0
github.com/tmc/misc/macgo/examples/advanced/main.go:87.29,88.13 1 0
github.com/tmc/misc/macgo/examples/advanced/main.go:88.13,90.9 2 0
github.com/tmc/misc/macgo/examples/advanced/main.go:92.3,92.36 1 0
github.com/tmc/misc/macgo/examples/advanced/main.go:96.2,108.20 10 0
github.com/tmc/misc/macgo/examples/custom-template/main.go:17.13,50.2 4 0
github.com/tmc/misc/macgo/examples/custom-template/main.go:52.13,69.16 14 0
github.com/tmc/misc/macgo/examples/custom-template/main.go:69.16,71.3 1 0
github.com/tmc/misc/macgo/examples/custom-template/main.go:71.8,73.27 2 0
github.com/tmc/misc/macgo/examples/custom-template/main.go:73.27,74.14 1 0
github.com/tmc/misc/macgo/examples/custom-template/main.go:74.14,76.10 2 0
github.com/tmc/misc/macgo/examples/custom-template/main.go:78.4,78.34 1 0
github.com/tmc/misc/macgo/examples/customization/main.go:18.13,51.16 25 0
github.com/tmc/misc/macgo/examples/customization/main.go:51.16,54.3 2 0
github.com/tmc/misc/macgo/examples/customization/main.go:56.2,57.29 2 0
github.com/tmc/misc/macgo/examples/customization/main.go:57.29,58.13 1 0
github.com/tmc/misc/macgo/examples/customization/main.go:58.13,60.9 2 0
github.com/tmc/misc/macgo/examples/customization/main.go:62.3,62.36 1 0
github.com/tmc/misc/macgo/examples/customization/main.go:66.34,68.17 2 0
github.com/tmc/misc/macgo/examples/customization/main.go:68.17,70.3 1 0
github.com/tmc/misc/macgo/examples/customization/main.go:70.8,72.3 1 0
github.com/tmc/misc/macgo/examples/entitlements/main.go:25.13,30.73 2 0
github.com/tmc/misc/macgo/examples/entitlements/main.go:30.73,32.3 1 0
github.com/tmc/misc/macgo/examples/entitlements/main.go:35.2,37.21 3 0
github.com/tmc/misc/macgo/examples/entitlements/main.go:40.13,66.27 17 0
github.com/tmc/misc/macgo/examples/entitlements/main.go:66.27,70.17 3 0
github.com/tmc/misc/macgo/examples/entitlements/main.go:70.17,72.12 2 0
github.com/tmc/misc/macgo/examples/entitlements/main.go:75.3,77.27 2 0
github.com/tmc/misc/macgo/examples/entitlements/main.go:77.27,78.14 1 0
github.com/tmc/misc/macgo/examples/entitlements/main.go:78.14,80.10 2 0
github.com/tmc/misc/macgo/examples/entitlements/main.go:82.4,82.34 1 0
github.com/tmc/misc/macgo/examples/entitlements/main.go:84.3,84.16 1 0
github.com/tmc/misc/macgo/examples/debug-features/main.go:15.13,51.2 20 0
github.com/tmc/misc/macgo/examples/debug-features/main.go:53.13,61.37 5 0
github.com/tmc/misc/macgo/examples/debug-features/main.go:61.37,63.17 2 0
github.com/tmc/misc/macgo/examples/debug-features/main.go:63.17,65.4 1 0
github.com/tmc/misc/macgo/examples/debug-features/main.go:66.3,67.69 2 0
github.com/tmc/misc/macgo/examples/debug-features/main.go:70.2,78.12 5 0
github.com/tmc/misc/macgo/examples/debug-features/main.go:78.12,79.27 1 0
github.com/tmc/misc/macgo/examples/debug-features/main.go:79.27,82.4 2 0
github.com/tmc/misc/macgo/examples/debug-features/main.go:83.3,83.61 1 0
github.com/tmc/misc/macgo/examples/debug-features/main.go:87.2,89.35 3 0
github.com/tmc/misc/macgo/examples/debug-features/main.go:93.55,94.42 1 0
github.com/tmc/misc/macgo/examples/debug-features/main.go:94.42,96.3 1 0
github.com/tmc/misc/macgo/examples/debug-features/main.go:97.2,97.21 1 0
github.com/tmc/misc/macgo/examples/hello/main.go:12.13,27.2 5 0
github.com/tmc/misc/macgo/examples/hello/main.go:29.13,33.37 3 0
github.com/tmc/misc/macgo/examples/hello/main.go:33.37,35.3 1 0
github.com/tmc/misc/macgo/examples/hello/main.go:36.2,36.28 1 0
github.com/tmc/misc/macgo/examples/hello/main.go:36.28,38.3 1 0
github.com/tmc/misc/macgo/examples/hello/main.go:39.2,39.28 1 0
github.com/tmc/misc/macgo/examples/hello/main.go:39.28,41.3 1 0
github.com/tmc/misc/macgo/examples/hello/main.go:43.2,48.15 4 0
github.com/tmc/misc/macgo/examples/legacy-signals/main.go:15.13,26.2 4 0
github.com/tmc/misc/macgo/examples/legacy-signals/main.go:28.13,44.12 9 0
github.com/tmc/misc/macgo/examples/legacy-signals/main.go:44.12,45.27 1 0
github.com/tmc/misc/macgo/examples/legacy-signals/main.go:45.27,48.4 2 0
github.com/tmc/misc/macgo/examples/legacy-signals/main.go:49.3,49.61 1 0
github.com/tmc/misc/macgo/examples/legacy-signals/main.go:53.2,55.35 3 0
github.com/tmc/misc/macgo/examples/macgo-child-test/main.go:15.13,20.37 2 0
github.com/tmc/misc/macgo/examples/macgo-child-test/main.go:20.37,22.3 1 0
github.com/tmc/misc/macgo/examples/macgo-child-test/main.go:27.13,32.16 4 0
github.com/tmc/misc/macgo/examples/macgo-child-test/main.go:32.16,36.3 2 0
github.com/tmc/misc/macgo/examples/macgo-child-test/main.go:36.8,39.3 2 0
github.com/tmc/misc/macgo/examples/macgo-child-test/main.go:41.2,41.53 1 0
github.com/tmc/misc/macgo/examples/macgo-child-test/main.go:41.53,46.3 4 0
github.com/tmc/misc/macgo/examples/macgo-child-test/main.go:48.2,53.127 6 0
github.com/tmc/misc/macgo/examples/macgo-child-test/main.go:53.127,55.3 1 0
github.com/tmc/misc/macgo/examples/macgo-child-test/main.go:56.2,58.39 2 0
github.com/tmc/misc/macgo/examples/macgo-child-test/main.go:58.39,60.3 1 0
github.com/tmc/misc/macgo/examples/macgo-child-test/main.go:60.8,62.3 1 0
github.com/tmc/misc/macgo/examples/macgo-child-test/main.go:65.2,76.15 8 0
github.com/tmc/misc/macgo/examples/minimal/main.go:15.13,24.16 7 0
github.com/tmc/misc/macgo/examples/minimal/main.go:24.16,27.3 2 0
github.com/tmc/misc/macgo/examples/minimal/main.go:29.2,30.29 2 0
github.com/tmc/misc/macgo/examples/minimal/main.go:30.29,31.13 1 0
github.com/tmc/misc/macgo/examples/minimal/main.go:31.13,33.9 2 0
github.com/tmc/misc/macgo/examples/minimal/main.go:35.3,35.36 1 0
github.com/tmc/misc/macgo/examples/minimal/main.go:38.2,40.20 3 0
github.com/tmc/misc/macgo/examples/sandbox-best-practices/main.go:19.56,20.16 1 0
github.com/tmc/misc/macgo/examples/sandbox-best-practices/main.go:20.16,22.3 1 0
github.com/tmc/misc/macgo/examples/sandbox-best-practices/main.go:22.8,24.3 1 0
github.com/tmc/misc/macgo/examples/sandbox-best-practices/main.go:28.30,35.2 4 0
github.com/tmc/misc/macgo/examples/sandbox-best-practices/main.go:37.13,65.44 11 0
github.com/tmc/misc/macgo/examples/sandbox-best-practices/main.go:65.44,68.3 2 0
github.com/tmc/misc/macgo/examples/sandbox-best-practices/main.go:71.2,81.16 7 0
github.com/tmc/misc/macgo/examples/sandbox-best-practices/main.go:81.16,83.3 1 0
github.com/tmc/misc/macgo/examples/sandbox-best-practices/main.go:83.8,85.3 1 0
github.com/tmc/misc/macgo/examples/sandbox-best-practices/main.go:88.2,98.16 5 0
github.com/tmc/misc/macgo/examples/sandbox-best-practices/main.go:98.16,100.3 1 0
github.com/tmc/misc/macgo/examples/sandbox-best-practices/main.go:100.8,103.17 3 0
github.com/tmc/misc/macgo/examples/sandbox-best-practices/main.go:103.17,105.4 1 0
github.com/tmc/misc/macgo/examples/sandbox-best-practices/main.go:105.9,109.4 3 0
github.com/tmc/misc/macgo/examples/sandbox-best-practices/main.go:113.2,119.16 5 0
github.com/tmc/misc/macgo/examples/sandbox-best-practices/main.go:119.16,121.3 1 0
github.com/tmc/misc/macgo/examples/sandbox-best-practices/main.go:121.8,123.3 1 0
github.com/tmc/misc/macgo/examples/sandbox-best-practices/main.go:126.2,129.16 4 0
github.com/tmc/misc/macgo/examples/sandbox-best-practices/main.go:129.16,131.3 1 0
github.com/tmc/misc/macgo/examples/sandbox-best-practices/main.go:134.2,158.23 19 0
github.com/tmc/misc/macgo/examples/sandboxed-file-exec/main.go:13.13,33.32 9 0
github.com/tmc/misc/macgo/examples/sandboxed-file-exec/main.go:33.32,36.17 3 0
github.com/tmc/misc/macgo/examples/sandboxed-file-exec/main.go:36.17,38.12 2 0
github.com/tmc/misc/macgo/examples/sandboxed-file-exec/main.go:41.3,42.27 2 0
github.com/tmc/misc/macgo/examples/sandboxed-file-exec/main.go:42.27,43.14 1 0
github.com/tmc/misc/macgo/examples/sandboxed-file-exec/main.go:43.14,45.10 2 0
github.com/tmc/misc/macgo/examples/sandboxed-file-exec/main.go:47.4,47.36 1 0
github.com/tmc/misc/macgo/examples/sandboxed-file-exec/main.go:49.3,49.16 1 0
github.com/tmc/misc/macgo/examples/sandboxed-file-exec/main.go:53.2,62.35 4 0
github.com/tmc/misc/macgo/examples/sandboxed-file-exec/main.go:62.35,68.17 4 0
github.com/tmc/misc/macgo/examples/sandboxed-file-exec/main.go:68.17,70.12 2 0
github.com/tmc/misc/macgo/examples/sandboxed-file-exec/main.go:73.3,74.24 2 0
github.com/tmc/misc/macgo/examples/sandboxed-file-exec/main.go:74.24,76.4 1 0
github.com/tmc/misc/macgo/examples/sandboxed-file-exec/main.go:76.9,78.4 1 0
github.com/tmc/misc/macgo/examples/sandboxed-file-exec/main.go:81.2,82.14 2 0
github.com/tmc/misc/macgo/examples/sandboxed-osascript/main.go:16.13,22.16 3 0
github.com/tmc/misc/macgo/examples/sandboxed-osascript/main.go:22.16,25.3 2 0
github.com/tmc/misc/macgo/examples/sandboxed-osascript/main.go:28.2,29.16 2 0
github.com/tmc/misc/macgo/examples/sandboxed-osascript/main.go:29.16,31.3 1 0
github.com/tmc/misc/macgo/examples/sandboxed-osascript/main.go:34.2,39.19 4 0
github.com/tmc/misc/macgo/examples/sandboxed-osascript/main.go:39.19,43.3 2 0
github.com/tmc/misc/macgo/examples/sandboxed-osascript/main.go:46.2,65.37 7 0
github.com/tmc/misc/macgo/examples/sandboxed-osascript/main.go:65.37,67.3 1 0
github.com/tmc/misc/macgo/examples/sandboxed-osascript/main.go:70.2,70.15 1 0
github.com/tmc/misc/macgo/examples/sandboxed-osascript/main.go:73.13,81.33 3 0
github.com/tmc/misc/macgo/examples/sandboxed-osascript/main.go:81.33,82.48 1 0
github.com/tmc/misc/macgo/examples/sandboxed-osascript/main.go:82.48,85.18 2 0
github.com/tmc/misc/macgo/examples/sandboxed-osascript/main.go:85.18,89.5 2 0
github.com/tmc/misc/macgo/examples/sandboxed-osascript/main.go:90.4,90.9 1 0
github.com/tmc/misc/macgo/examples/sandboxed-osascript/main.go:95.2,95.20 1 0
github.com/tmc/misc/macgo/examples/sandboxed-osascript/main.go:95.20,102.3 6 0
github.com/tmc/misc/macgo/examples/sandboxed-osascript/main.go:105.2,120.36 10 0
github.com/tmc/misc/macgo/examples/sandboxed-osascript/main.go:120.36,123.3 2 0
github.com/tmc/misc/macgo/examples/sandboxed-osascript/main.go:124.2,128.12 3 0
github.com/tmc/misc/macgo/examples/sandboxed-osascript/main.go:128.12,133.3 4 0
github.com/tmc/misc/macgo/examples/sandboxed-osascript/main.go:136.2,137.17 2 0
github.com/tmc/misc/macgo/examples/sandboxed-osascript/main.go:137.17,140.3 2 0
github.com/tmc/misc/macgo/examples/sandboxed-osascript/main.go:142.2,145.9 2 0
github.com/tmc/misc/macgo/examples/sandboxed-osascript/main.go:146.21,149.17 2 0
github.com/tmc/misc/macgo/examples/sandboxed-osascript/main.go:149.17,150.48 1 0
github.com/tmc/misc/macgo/examples/sandboxed-osascript/main.go:150.48,155.5 3 0
github.com/tmc/misc/macgo/examples/sandboxed-osascript/main.go:158.4,159.14 2 0
github.com/tmc/misc/macgo/examples/sandboxed-osascript/main.go:161.3,161.69 1 0
github.com/tmc/misc/macgo/examples/sandboxed-osascript/main.go:162.24,172.49 3 0
github.com/tmc/misc/macgo/examples/sandboxed-osascript/main.go:172.49,175.53 3 0
github.com/tmc/misc/macgo/examples/sandboxed-osascript/main.go:175.53,177.5 1 0
github.com/tmc/misc/macgo/examples/sandboxed-osascript/main.go:177.10,179.5 1 0
github.com/tmc/misc/macgo/examples/sandboxed-osascript/main.go:180.9,190.4 4 0
github.com/tmc/misc/macgo/examples/sandboxed-osascript/main.go:192.3,193.13 2 0
github.com/tmc/misc/macgo/examples/sandboxed-osascript/main.go:194.21,199.52 2 0
github.com/tmc/misc/macgo/examples/sandboxed-osascript/main.go:199.52,201.4 1 0
github.com/tmc/misc/macgo/examples/sandboxed-osascript/main.go:201.9,203.4 1 0
github.com/tmc/misc/macgo/examples/sandboxed-osascript/main.go:205.3,206.13 2 0
github.com/tmc/misc/macgo/examples/security-bookmarks/main.go:27.13,53.2 9 0
github.com/tmc/misc/macgo/examples/security-bookmarks/main.go:55.13,139.2 70 0
github.com/tmc/misc/macgo/examples/signal-capture/main.go:14.13,18.16 3 0
github.com/tmc/misc/macgo/examples/signal-capture/main.go:18.16,21.3 2 0
github.com/tmc/misc/macgo/examples/signal-capture/main.go:22.2,51.25 14 0
github.com/tmc/misc/macgo/examples/signal-capture/main.go:51.25,63.54 6 0
github.com/tmc/misc/macgo/examples/signal-capture/main.go:63.54,66.9 3 0
github.com/tmc/misc/macgo/examples/signal-debug/main.go:17.13,27.2 4 0
github.com/tmc/misc/macgo/examples/signal-debug/main.go:29.13,31.47 1 0
github.com/tmc/misc/macgo/examples/signal-debug/main.go:31.47,34.3 2 0
github.com/tmc/misc/macgo/examples/signal-debug/main.go:37.2,48.12 9 0
github.com/tmc/misc/macgo/examples/signal-debug/main.go:48.12,49.31 1 0
github.com/tmc/misc/macgo/examples/signal-debug/main.go:49.31,51.4 1 0
github.com/tmc/misc/macgo/examples/signal-debug/main.go:55.2,62.36 5 0
github.com/tmc/misc/macgo/examples/signal-debug/main.go:62.36,65.3 2 0
github.com/tmc/misc/macgo/examples/signal-debug/main.go:67.2,80.12 12 0
github.com/tmc/misc/macgo/examples/signal-debug/main.go:80.12,84.3 3 0
github.com/tmc/misc/macgo/examples/signal-debug/main.go:87.2,87.9 1 0
github.com/tmc/misc/macgo/examples/signal-debug/main.go:88.14,89.42 1 0
github.com/tmc/misc/macgo/examples/signal-debug/main.go:90.38,91.42 1 0
github.com/tmc/misc/macgo/examples/signal-debug/main.go:96.17,104.12 4 0
github.com/tmc/misc/macgo/examples/signal-debug/main.go:104.12,105.31 1 0
github.com/tmc/misc/macgo/examples/signal-debug/main.go:105.31,109.55 2 0
github.com/tmc/misc/macgo/examples/signal-debug/main.go:109.55,112.5 2 0
github.com/tmc/misc/macgo/examples/signal-debug/main.go:117.2,118.16 2 0
github.com/tmc/misc/macgo/examples/signal-debug/main.go:118.16,120.3 1 0
github.com/tmc/misc/macgo/examples/signal-debug/main.go:120.8,122.3 1 0
github.com/tmc/misc/macgo/examples/signal-debug/main.go:125.2,131.16 5 0
github.com/tmc/misc/macgo/examples/signal-debug/main.go:131.16,133.3 1 0
github.com/tmc/misc/macgo/examples/signal-debug/main.go:133.8,136.3 2 0
github.com/tmc/misc/macgo/examples/signal-debug/main.go:139.2,140.9 2 0
github.com/tmc/misc/macgo/examples/signal-test/main.go:15.13,26.2 4 0
github.com/tmc/misc/macgo/examples/signal-test/main.go:28.13,44.12 9 0
github.com/tmc/misc/macgo/examples/signal-test/main.go:44.12,45.27 1 0
github.com/tmc/misc/macgo/examples/signal-test/main.go:45.27,48.4 2 0
github.com/tmc/misc/macgo/examples/signal-test/main.go:49.3,49.61 1 0
github.com/tmc/misc/macgo/examples/signal-test/main.go:53.2,55.35 3 0
github.com/tmc/misc/macgo/examples/simple/main.go:11.13,22.27 5 0
github.com/tmc/misc/macgo/examples/simple/main.go:22.27,25.17 3 0
github.com/tmc/misc/macgo/examples/simple/main.go:25.17,27.12 2 0
github.com/tmc/misc/macgo/examples/simple/main.go:30.3,31.27 2 0
github.com/tmc/misc/macgo/examples/simple/main.go:31.27,32.14 1 0
github.com/tmc/misc/macgo/examples/simple/main.go:32.14,34.10 2 0
github.com/tmc/misc/macgo/examples/simple/main.go:36.4,36.34 1 0
github.com/tmc/misc/macgo/examples/simple/main.go:38.3,38.16 1 0
github.com/tmc/misc/macgo/examples/specific-folder-access/main.go:13.13,51.2 8 0
github.com/tmc/misc/macgo/examples/specific-folder-access/main.go:54.33,58.16 3 0
github.com/tmc/misc/macgo/examples/specific-folder-access/main.go:58.16,61.3 2 0
github.com/tmc/misc/macgo/examples/specific-folder-access/main.go:63.2,64.29 2 0
github.com/tmc/misc/macgo/examples/specific-folder-access/main.go:64.29,65.13 1 0
github.com/tmc/misc/macgo/examples/specific-folder-access/main.go:65.13,67.9 2 0
github.com/tmc/misc/macgo/examples/specific-folder-access/main.go:69.3,69.38 1 0
github.com/tmc/misc/macgo/examples/specific-folder-access/main.go:71.2,71.15 1 0
github.com/tmc/misc/macgo/examples/specific-folder-access/main.go:74.13,108.16 24 0
github.com/tmc/misc/macgo/examples/specific-folder-access/main.go:108.16,110.3 1 0
github.com/tmc/misc/macgo/examples/specific-folder-access/main.go:110.8,114.3 2 0
github.com/tmc/misc/macgo/examples/specific-folder-access/main.go:116.2,117.14 2 0
github.com/tmc/misc/macgo/examples/test-output/main.go:12.13,16.2 3 0
github.com/tmc/misc/macgo/examples/test-output/main.go:18.13,44.2 15 0
github.com/tmc/misc/macgo/examples/test-output/main.go:46.29,48.16 2 0
github.com/tmc/misc/macgo/examples/test-output/main.go:48.16,50.3 1 0
github.com/tmc/misc/macgo/examples/test-output/main.go:51.2,51.12 1 0
github.com/tmc/misc/macgo/signalhandler/signalhandler.go:22.13,25.2 1 0
github.com/tmc/misc/macgo/signalhandler/signalhandler.go:29.64,35.16 3 0
github.com/tmc/misc/macgo/signalhandler/signalhandler.go:35.16,38.3 2 0
github.com/tmc/misc/macgo/signalhandler/signalhandler.go:40.2,53.16 3 0
github.com/tmc/misc/macgo/signalhandler/signalhandler.go:53.16,56.13 3 0
github.com/tmc/misc/macgo/signalhandler/signalhandler.go:56.13,57.23 1 0
github.com/tmc/misc/macgo/signalhandler/signalhandler.go:57.23,63.34 3 0
github.com/tmc/misc/macgo/signalhandler/signalhandler.go:63.34,64.14 1 0
github.com/tmc/misc/macgo/signalhandler/signalhandler.go:68.5,68.70 1 0
github.com/tmc/misc/macgo/signalhandler/signalhandler.go:68.70,70.6 1 0
github.com/tmc/misc/macgo/signalhandler/signalhandler.go:73.5,73.92 1 0
github.com/tmc/misc/macgo/signalhandler/signalhandler.go:73.92,76.6 1 0
github.com/tmc/misc/macgo/signalhandler/signalhandler.go:79.3,81.11 3 0
github.com/tmc/misc/macgo/signalhandler/signalhandler.go:84.2,84.16 1 0
github.com/tmc/misc/macgo/signalhandler/signalhandler.go:84.16,87.57 1 0
github.com/tmc/misc/macgo/signalhandler/signalhandler.go:87.57,89.4 1 0
github.com/tmc/misc/macgo/signalhandler/signalhandler.go:90.3,90.47 1 0
github.com/tmc/misc/macgo/signalhandler/signalhandler.go:90.47,92.4 1 0
github.com/tmc/misc/macgo/signalhandler/signalhandler.go:93.3,93.13 1 0
github.com/tmc/misc/macgo/signalhandler/signalhandler.go:96.2,96.12 1 0
github.com/tmc/misc/macgo/entitlements/photos/photos.go:9.13,11.2 1 1
github.com/tmc/misc/macgo/entitlements/reminders/reminders.go:9.13,11.2 1 1
github.com/tmc/misc/macgo/entitlements/calendar/calendar.go:9.13,11.2 1 1
github.com/tmc/misc/macgo/entitlements/mic/mic.go:9.13,11.2 1 1
github.com/tmc/misc/macgo/entitlements/contacts/contacts.go:9.13,11.2 1 1
github.com/tmc/misc/macgo/entitlements/location/location.go:9.13,11.2 1 1
github.com/tmc/misc/macgo/entitlements/entitlements.go:62.44,63.11 1 1
github.com/tmc/misc/macgo/entitlements/entitlements.go:63.11,65.3 1 1
github.com/tmc/misc/macgo/entitlements/entitlements.go:71.18,73.2 1 1
github.com/tmc/misc/macgo/entitlements/entitlements.go:76.15,78.2 1 1
github.com/tmc/misc/macgo/entitlements/entitlements.go:81.20,83.2 1 1
github.com/tmc/misc/macgo/entitlements/entitlements.go:86.20,88.2 1 1
github.com/tmc/misc/macgo/entitlements/entitlements.go:91.18,93.2 1 1
github.com/tmc/misc/macgo/entitlements/entitlements.go:96.20,98.2 1 1
github.com/tmc/misc/macgo/entitlements/entitlements.go:101.21,103.2 1 1
github.com/tmc/misc/macgo/entitlements/entitlements.go:108.22,110.2 1 1
github.com/tmc/misc/macgo/entitlements/entitlements.go:116.25,118.2 1 1
github.com/tmc/misc/macgo/entitlements/entitlements.go:124.25,126.2 1 1
github.com/tmc/misc/macgo/entitlements/entitlements.go:131.21,133.2 1 1
github.com/tmc/misc/macgo/entitlements/entitlements.go:136.15,138.2 1 1
github.com/tmc/misc/macgo/entitlements/entitlements.go:141.22,143.2 1 1
github.com/tmc/misc/macgo/entitlements/entitlements.go:146.20,148.2 1 1
github.com/tmc/misc/macgo/entitlements/entitlements.go:153.20,155.2 1 1
github.com/tmc/misc/macgo/entitlements/entitlements.go:158.31,160.2 1 1
github.com/tmc/misc/macgo/entitlements/entitlements.go:163.28,165.2 1 1
github.com/tmc/misc/macgo/entitlements/entitlements.go:168.36,170.2 1 1
github.com/tmc/misc/macgo/entitlements/entitlements.go:173.43,175.2 1 1
github.com/tmc/misc/macgo/entitlements/entitlements.go:178.20,180.2 1 1
github.com/tmc/misc/macgo/entitlements/entitlements.go:183.26,185.2 1 1
github.com/tmc/misc/macgo/entitlements/entitlements.go:188.51,189.11 1 1
github.com/tmc/misc/macgo/entitlements/entitlements.go:189.11,191.3 1 1
github.com/tmc/misc/macgo/entitlements/entitlements.go:195.46,197.2 1 1
github.com/tmc/misc/macgo/entitlements/entitlements.go:200.56,202.16 2 1
github.com/tmc/misc/macgo/entitlements/entitlements.go:202.16,204.3 1 0
github.com/tmc/misc/macgo/entitlements/entitlements.go:205.2,205.35 1 1
github.com/tmc/misc/macgo/entitlements/entitlements.go:209.54,211.16 2 1
github.com/tmc/misc/macgo/entitlements/entitlements.go:211.16,213.3 1 1
github.com/tmc/misc/macgo/entitlements/entitlements.go:214.2,214.35 1 1
github.com/tmc/misc/macgo/entitlements/entitlements.go:220.29,228.2 7 1
github.com/tmc/misc/macgo/entitlements/entitlements.go:231.27,238.2 6 1
github.com/tmc/misc/macgo/entitlements/entitlements.go:241.25,244.2 2 1
github.com/tmc/misc/macgo/entitlements/entitlements.go:247.15,249.2 1 1
github.com/tmc/misc/macgo/entitlements/entitlements.go:252.55,254.2 1 1
github.com/tmc/misc/macgo/entitlements/camera/camera.go:9.13,11.2 1 1
